Using ParliamentMembers Crawler.
Using Plotly Visualizer.
Using ParliamentMembers Crawler.
Using Plotly Visualizer.
merged_df columns: Index(['Full Name', 'Kommata 2007', 'Kommata 2015', 'Kommata 2019'], dtype='object')
Using ParliamentMembers Crawler.
Using Plotly Visualizer.
merged_df columns: Index(['Full Name', 'Kommata 2007', 'Kommata 2015', 'Kommata 2019'], dtype='object')
nodes_df columns: Index(['Node', 'Count'], dtype='object')
edges_df columns: Index(['Source', 'Target', 'Count'], dtype='object')
Using ParliamentMembers Crawler.
Using Plotly Visualizer.
merged_df columns: Index(['Full Name', 'Kommata 2007', 'Kommata 2015', 'Kommata 2019'], dtype='object')
nodes_df columns: Index(['Node', 'Count'], dtype='object')
edges_df columns: Index(['Source', 'Target', 'Count'], dtype='object')
Using ParliamentMembers Crawler.
Using Plotly Visualizer.
merged_df columns: Index(['Full Name', 'Kommata 2007', 'Kommata 2015', 'Kommata 2019'], dtype='object')
nodes_df columns: Index(['Node', 'Count'], dtype='object')
edges_df columns: Index(['Source', 'Target', 'Count'], dtype='object')
Using ParliamentMembers Crawler.
Using Plotly Visualizer.
merged_df columns: Index(['Full Name', 'Kommata 2007', 'Kommata 2015', 'Kommata 2019'], dtype='object')
nodes_df columns: Index(['Node', 'Count'], dtype='object')
edges_df columns: Index(['Source', 'Target', 'Count'], dtype='object')
Using ParliamentMembers Crawler.
Using Plotly Visualizer.
merged_df columns: Index(['Full Name', 'Kommata 2007', 'Kommata 2015', 'Kommata 2019'], dtype='object')
nodes_df columns: Index(['Node', 'Count'], dtype='object')
edges_df columns: Index(['Source', 'Target', 'Count'], dtype='object')
Using ParliamentMembers Crawler.
Using Plotly Visualizer.
merged_df columns: Index(['Full Name', 'Kommata 2007', 'Kommata 2015', 'Kommata 2019'], dtype='object')
nodes_df columns: Index(['Node', 'Count'], dtype='object')
edges_df columns: Index(['Source', 'Target', 'Count'], dtype='object')
Using ParliamentMembers Crawler.
Using Plotly Visualizer.
merged_df columns: Index(['Full Name', 'Kommata 2007', 'Kommata 2015', 'Kommata 2019'], dtype='object')
nodes_df columns: Index(['Node', 'Count'], dtype='object')
edges_df columns: Index(['Source', 'Target', 'Count'], dtype='object')
Using ParliamentMembers Crawler.
Using Plotly Visualizer.
